2024-12-29 17:09:50,028{GMT}	INFO	[jepsen test runner] jepsen.core: Test version f925a6fca29fb72c2637996e00915ad6b7dba281 (plus uncommitted changes)
2024-12-29 17:09:50,030{GMT}	INFO	[jepsen test runner] jepsen.core: Command line:
lein run test -w echo --bin /Users/sambhavjain/go/bin/maelstrom-echo --node-count 1 --time-limit 10
2024-12-29 17:09:50,183{GMT}	INFO	[jepsen test runner] jepsen.core: Running test:
{:args []
 :remote
 #jepsen.control.retry.Remote{:remote #jepsen.control.scp.Remote{:cmd-remote #jepsen.control.sshj.SSHJRemote{:concurrency-limit 6,
                                                                                                             :conn-spec nil,
                                                                                                             :client nil,
                                                                                                             :semaphore nil},
                                                                 :conn-spec nil},
                              :conn nil}
 :log-net-send false
 :node-count 1
 :availability nil
 :max-txn-length 4
 :concurrency 1
 :db
 #object[maelstrom.db$db$reify__16142
         "0x7244d87"
         "maelstrom.db$db$reify__16142@7244d87"]
 :max-writes-per-key 16
 :leave-db-running? false
 :name "echo"
 :logging-json? false
 :start-time
 #object[org.joda.time.DateTime "0x472d201" "2024-12-29T17:09:49.625+05:30"]
 :nemesis-interval 10
 :net
 #object[maelstrom.net$jepsen_net$reify__15251
         "0x473e0536"
         "maelstrom.net$jepsen_net$reify__15251@473e0536"]
 :client
 #object[maelstrom.workload.echo$client$reify__16863
         "0x7f8f120c"
         "maelstrom.workload.echo$client$reify__16863@7f8f120c"]
 :barrier
 #object[java.util.concurrent.CyclicBarrier
         "0x2110b756"
         "java.util.concurrent.CyclicBarrier@2110b756"]
 :log-stderr false
 :pure-generators true
 :ssh {:dummy? true}
 :rate 5
 :checker
 #object[jepsen.checker$compose$reify__11881
         "0x33e09baf"
         "jepsen.checker$compose$reify__11881@33e09baf"]
 :argv
 ("test"
  "-w"
  "echo"
  "--bin"
  "/Users/sambhavjain/go/bin/maelstrom-echo"
  "--node-count"
  "1"
  "--time-limit"
  "10")
 :nemesis
 (jepsen.nemesis.ReflCompose
  {:fm {:start-partition 0,
        :stop-partition 0,
        :kill 1,
        :start 1,
        :pause 1,
        :resume 1},
   :nemeses [#unprintable "jepsen.nemesis.combined$partition_nemesis$reify__16416@4c02f50"
             #unprintable "jepsen.nemesis.combined$db_nemesis$reify__16397@35852b6"]})
 :nodes ["n0"]
 :test-count 1
 :latency {:mean 0, :dist :constant}
 :bin "/Users/sambhavjain/go/bin/maelstrom-echo"
 :generator
 (jepsen.generator.TimeLimit
  {:limit 10000000000,
   :cutoff nil,
   :gen (jepsen.generator.Any
         {:gens [(jepsen.generator.OnThreads
                  {:f #{:nemesis},
                   :context-filter #object[jepsen.generator.context$make_thread_filter$lazy_filter__9167
                                           "0x399ef33f"
                                           "jepsen.generator.context$make_thread_filter$lazy_filter__9167@399ef33f"],
                   :gen nil})
                 (jepsen.generator.OnThreads
                  {:f #jepsen.generator.context.AllBut{:element :nemesis},
                   :context-filter #object[jepsen.generator.context$make_thread_filter$lazy_filter__9167
                                           "0x39b752f4"
                                           "jepsen.generator.context$make_thread_filter$lazy_filter__9167@39b752f4"],
                   :gen (jepsen.generator.Stagger
                         {:dt 400000000,
                          :next-time nil,
                          :gen (jepsen.generator.EachThread
                                {:fresh-gen #object[maelstrom.workload.echo$workload$fn__16882
                                                    "0x1990afa2"
                                                    "maelstrom.workload.echo$workload$fn__16882@1990afa2"],
                                 :context-filters #object[clojure.core$promise$reify__8591
                                                          "0x57be28d1"
                                                          {:status :pending,
                                                           :val nil}],
                                 :gens {}})})})]})})
 :log-net-recv false
 :os
 #object[maelstrom.net$jepsen_os$reify__15254
         "0x19f72e12"
         "maelstrom.net$jepsen_os$reify__15254@19f72e12"]
 :time-limit 10
 :workload :echo
 :consistency-models [:strict-serializable]
 :topology :grid}

2024-12-29 17:09:51,530{GMT}	INFO	[jepsen node n0] maelstrom.net: Starting Maelstrom network
2024-12-29 17:09:51,550{GMT}	INFO	[jepsen test runner] jepsen.db: Tearing down DB
2024-12-29 17:09:51,554{GMT}	INFO	[jepsen test runner] jepsen.db: Setting up DB
2024-12-29 17:09:51,570{GMT}	INFO	[jepsen node n0] maelstrom.service: Starting services: (lin-kv lin-tso lww-kv seq-kv)
2024-12-29 17:09:51,585{GMT}	INFO	[jepsen node n0] maelstrom.db: Setting up n0
2024-12-29 17:09:51,587{GMT}	INFO	[jepsen node n0] maelstrom.process: launching /Users/sambhavjain/go/bin/maelstrom-echo []
2024-12-29 17:09:52,208{GMT}	INFO	[jepsen test runner] jepsen.core: Relative time begins now
2024-12-29 17:09:52,414{GMT}	INFO	[jepsen worker 0] jepsen.util: 0	:invoke	:echo	"Please echo 9"
2024-12-29 17:09:52,434{GMT}	INFO	[jepsen worker 0] jepsen.util: 0	:ok	:echo	{:echo "Please echo 9", :in_reply_to 1, :msg_id 1, :type "echo_ok"}
2024-12-29 17:09:52,542{GMT}	INFO	[jepsen worker 0] jepsen.util: 0	:invoke	:echo	"Please echo 113"
2024-12-29 17:09:52,546{GMT}	INFO	[jepsen worker 0] jepsen.util: 0	:ok	:echo	{:echo "Please echo 113", :in_reply_to 2, :msg_id 2, :type "echo_ok"}
2024-12-29 17:09:52,764{GMT}	INFO	[jepsen worker 0] jepsen.util: 0	:invoke	:echo	"Please echo 112"
2024-12-29 17:09:52,779{GMT}	INFO	[jepsen worker 0] jepsen.util: 0	:ok	:echo	{:echo "Please echo 112", :in_reply_to 3, :msg_id 3, :type "echo_ok"}
2024-12-29 17:09:52,998{GMT}	INFO	[jepsen worker 0] jepsen.util: 0	:invoke	:echo	"Please echo 126"
2024-12-29 17:09:53,007{GMT}	INFO	[jepsen worker 0] jepsen.util: 0	:ok	:echo	{:echo "Please echo 126", :in_reply_to 4, :msg_id 4, :type "echo_ok"}
2024-12-29 17:09:53,013{GMT}	INFO	[jepsen worker 0] jepsen.util: 0	:invoke	:echo	"Please echo 15"
2024-12-29 17:09:53,022{GMT}	INFO	[jepsen worker 0] jepsen.util: 0	:ok	:echo	{:echo "Please echo 15", :in_reply_to 5, :msg_id 5, :type "echo_ok"}
2024-12-29 17:09:53,022{GMT}	INFO	[jepsen worker 0] jepsen.util: 0	:invoke	:echo	"Please echo 5"
2024-12-29 17:09:53,024{GMT}	INFO	[jepsen worker 0] jepsen.util: 0	:ok	:echo	{:echo "Please echo 5", :in_reply_to 6, :msg_id 6, :type "echo_ok"}
2024-12-29 17:09:53,414{GMT}	INFO	[jepsen worker 0] jepsen.util: 0	:invoke	:echo	"Please echo 79"
2024-12-29 17:09:53,437{GMT}	INFO	[jepsen worker 0] jepsen.util: 0	:ok	:echo	{:echo "Please echo 79", :in_reply_to 7, :msg_id 7, :type "echo_ok"}
2024-12-29 17:09:53,810{GMT}	INFO	[jepsen worker 0] jepsen.util: 0	:invoke	:echo	"Please echo 38"
2024-12-29 17:09:53,815{GMT}	INFO	[jepsen worker 0] jepsen.util: 0	:ok	:echo	{:echo "Please echo 38", :in_reply_to 8, :msg_id 8, :type "echo_ok"}
2024-12-29 17:09:53,939{GMT}	INFO	[jepsen worker 0] jepsen.util: 0	:invoke	:echo	"Please echo 79"
2024-12-29 17:09:53,949{GMT}	INFO	[jepsen worker 0] jepsen.util: 0	:ok	:echo	{:echo "Please echo 79", :in_reply_to 9, :msg_id 9, :type "echo_ok"}
2024-12-29 17:09:53,952{GMT}	INFO	[jepsen worker 0] jepsen.util: 0	:invoke	:echo	"Please echo 48"
2024-12-29 17:09:53,956{GMT}	INFO	[jepsen worker 0] jepsen.util: 0	:ok	:echo	{:echo "Please echo 48", :in_reply_to 10, :msg_id 10, :type "echo_ok"}
2024-12-29 17:09:54,343{GMT}	INFO	[jepsen worker 0] jepsen.util: 0	:invoke	:echo	"Please echo 62"
2024-12-29 17:09:54,348{GMT}	INFO	[jepsen worker 0] jepsen.util: 0	:ok	:echo	{:echo "Please echo 62", :in_reply_to 11, :msg_id 11, :type "echo_ok"}
2024-12-29 17:09:54,630{GMT}	INFO	[jepsen worker 0] jepsen.util: 0	:invoke	:echo	"Please echo 83"
2024-12-29 17:09:54,634{GMT}	INFO	[jepsen worker 0] jepsen.util: 0	:ok	:echo	{:echo "Please echo 83", :in_reply_to 12, :msg_id 12, :type "echo_ok"}
2024-12-29 17:09:54,717{GMT}	INFO	[jepsen worker 0] jepsen.util: 0	:invoke	:echo	"Please echo 95"
2024-12-29 17:09:54,728{GMT}	INFO	[jepsen worker 0] jepsen.util: 0	:ok	:echo	{:echo "Please echo 95", :in_reply_to 13, :msg_id 13, :type "echo_ok"}
2024-12-29 17:09:54,736{GMT}	INFO	[jepsen worker 0] jepsen.util: 0	:invoke	:echo	"Please echo 47"
2024-12-29 17:09:54,740{GMT}	INFO	[jepsen worker 0] jepsen.util: 0	:ok	:echo	{:echo "Please echo 47", :in_reply_to 14, :msg_id 14, :type "echo_ok"}
2024-12-29 17:09:54,962{GMT}	INFO	[jepsen worker 0] jepsen.util: 0	:invoke	:echo	"Please echo 10"
2024-12-29 17:09:54,967{GMT}	INFO	[jepsen worker 0] jepsen.util: 0	:ok	:echo	{:echo "Please echo 10", :in_reply_to 15, :msg_id 15, :type "echo_ok"}
2024-12-29 17:09:55,270{GMT}	INFO	[jepsen worker 0] jepsen.util: 0	:invoke	:echo	"Please echo 76"
2024-12-29 17:09:55,285{GMT}	INFO	[jepsen worker 0] jepsen.util: 0	:ok	:echo	{:echo "Please echo 76", :in_reply_to 16, :msg_id 16, :type "echo_ok"}
2024-12-29 17:09:55,443{GMT}	INFO	[jepsen worker 0] jepsen.util: 0	:invoke	:echo	"Please echo 55"
2024-12-29 17:09:55,448{GMT}	INFO	[jepsen worker 0] jepsen.util: 0	:ok	:echo	{:echo "Please echo 55", :in_reply_to 17, :msg_id 17, :type "echo_ok"}
2024-12-29 17:09:55,842{GMT}	INFO	[jepsen worker 0] jepsen.util: 0	:invoke	:echo	"Please echo 8"
2024-12-29 17:09:55,851{GMT}	INFO	[jepsen worker 0] jepsen.util: 0	:ok	:echo	{:echo "Please echo 8", :in_reply_to 18, :msg_id 18, :type "echo_ok"}
2024-12-29 17:09:56,124{GMT}	INFO	[jepsen worker 0] jepsen.util: 0	:invoke	:echo	"Please echo 58"
2024-12-29 17:09:56,133{GMT}	INFO	[jepsen worker 0] jepsen.util: 0	:ok	:echo	{:echo "Please echo 58", :in_reply_to 19, :msg_id 19, :type "echo_ok"}
2024-12-29 17:09:56,398{GMT}	INFO	[jepsen worker 0] jepsen.util: 0	:invoke	:echo	"Please echo 44"
2024-12-29 17:09:56,406{GMT}	INFO	[jepsen worker 0] jepsen.util: 0	:ok	:echo	{:echo "Please echo 44", :in_reply_to 20, :msg_id 20, :type "echo_ok"}
2024-12-29 17:09:56,691{GMT}	INFO	[jepsen worker 0] jepsen.util: 0	:invoke	:echo	"Please echo 118"
2024-12-29 17:09:56,702{GMT}	INFO	[jepsen worker 0] jepsen.util: 0	:ok	:echo	{:echo "Please echo 118", :in_reply_to 21, :msg_id 21, :type "echo_ok"}
2024-12-29 17:09:56,927{GMT}	INFO	[jepsen worker 0] jepsen.util: 0	:invoke	:echo	"Please echo 121"
2024-12-29 17:09:56,939{GMT}	INFO	[jepsen worker 0] jepsen.util: 0	:ok	:echo	{:echo "Please echo 121", :in_reply_to 22, :msg_id 22, :type "echo_ok"}
2024-12-29 17:09:57,184{GMT}	INFO	[jepsen worker 0] jepsen.util: 0	:invoke	:echo	"Please echo 3"
2024-12-29 17:09:57,190{GMT}	INFO	[jepsen worker 0] jepsen.util: 0	:ok	:echo	{:echo "Please echo 3", :in_reply_to 23, :msg_id 23, :type "echo_ok"}
2024-12-29 17:09:57,319{GMT}	INFO	[jepsen worker 0] jepsen.util: 0	:invoke	:echo	"Please echo 84"
2024-12-29 17:09:57,330{GMT}	INFO	[jepsen worker 0] jepsen.util: 0	:ok	:echo	{:echo "Please echo 84", :in_reply_to 24, :msg_id 24, :type "echo_ok"}
2024-12-29 17:09:57,401{GMT}	INFO	[jepsen worker 0] jepsen.util: 0	:invoke	:echo	"Please echo 54"
2024-12-29 17:09:57,409{GMT}	INFO	[jepsen worker 0] jepsen.util: 0	:ok	:echo	{:echo "Please echo 54", :in_reply_to 25, :msg_id 25, :type "echo_ok"}
2024-12-29 17:09:57,634{GMT}	INFO	[jepsen worker 0] jepsen.util: 0	:invoke	:echo	"Please echo 82"
2024-12-29 17:09:57,642{GMT}	INFO	[jepsen worker 0] jepsen.util: 0	:ok	:echo	{:echo "Please echo 82", :in_reply_to 26, :msg_id 26, :type "echo_ok"}
2024-12-29 17:09:57,704{GMT}	INFO	[jepsen worker 0] jepsen.util: 0	:invoke	:echo	"Please echo 48"
2024-12-29 17:09:57,709{GMT}	INFO	[jepsen worker 0] jepsen.util: 0	:ok	:echo	{:echo "Please echo 48", :in_reply_to 27, :msg_id 27, :type "echo_ok"}
2024-12-29 17:09:57,989{GMT}	INFO	[jepsen worker 0] jepsen.util: 0	:invoke	:echo	"Please echo 117"
2024-12-29 17:09:57,994{GMT}	INFO	[jepsen worker 0] jepsen.util: 0	:ok	:echo	{:echo "Please echo 117", :in_reply_to 28, :msg_id 28, :type "echo_ok"}
2024-12-29 17:09:58,001{GMT}	INFO	[jepsen worker 0] jepsen.util: 0	:invoke	:echo	"Please echo 98"
2024-12-29 17:09:58,007{GMT}	INFO	[jepsen worker 0] jepsen.util: 0	:ok	:echo	{:echo "Please echo 98", :in_reply_to 29, :msg_id 29, :type "echo_ok"}
2024-12-29 17:09:58,042{GMT}	INFO	[jepsen worker 0] jepsen.util: 0	:invoke	:echo	"Please echo 19"
2024-12-29 17:09:58,049{GMT}	INFO	[jepsen worker 0] jepsen.util: 0	:ok	:echo	{:echo "Please echo 19", :in_reply_to 30, :msg_id 30, :type "echo_ok"}
2024-12-29 17:09:58,421{GMT}	INFO	[jepsen worker 0] jepsen.util: 0	:invoke	:echo	"Please echo 45"
2024-12-29 17:09:58,430{GMT}	INFO	[jepsen worker 0] jepsen.util: 0	:ok	:echo	{:echo "Please echo 45", :in_reply_to 31, :msg_id 31, :type "echo_ok"}
2024-12-29 17:09:58,456{GMT}	INFO	[jepsen worker 0] jepsen.util: 0	:invoke	:echo	"Please echo 45"
2024-12-29 17:09:58,465{GMT}	INFO	[jepsen worker 0] jepsen.util: 0	:ok	:echo	{:echo "Please echo 45", :in_reply_to 32, :msg_id 32, :type "echo_ok"}
2024-12-29 17:09:58,561{GMT}	INFO	[jepsen worker 0] jepsen.util: 0	:invoke	:echo	"Please echo 6"
2024-12-29 17:09:58,573{GMT}	INFO	[jepsen worker 0] jepsen.util: 0	:ok	:echo	{:echo "Please echo 6", :in_reply_to 33, :msg_id 33, :type "echo_ok"}
2024-12-29 17:09:58,574{GMT}	INFO	[jepsen worker 0] jepsen.util: 0	:invoke	:echo	"Please echo 83"
2024-12-29 17:09:58,579{GMT}	INFO	[jepsen worker 0] jepsen.util: 0	:ok	:echo	{:echo "Please echo 83", :in_reply_to 34, :msg_id 34, :type "echo_ok"}
2024-12-29 17:09:58,730{GMT}	INFO	[jepsen worker 0] jepsen.util: 0	:invoke	:echo	"Please echo 27"
2024-12-29 17:09:58,745{GMT}	INFO	[jepsen worker 0] jepsen.util: 0	:ok	:echo	{:echo "Please echo 27", :in_reply_to 35, :msg_id 35, :type "echo_ok"}
2024-12-29 17:09:59,117{GMT}	INFO	[jepsen worker 0] jepsen.util: 0	:invoke	:echo	"Please echo 92"
2024-12-29 17:09:59,124{GMT}	INFO	[jepsen worker 0] jepsen.util: 0	:ok	:echo	{:echo "Please echo 92", :in_reply_to 36, :msg_id 36, :type "echo_ok"}
2024-12-29 17:09:59,294{GMT}	INFO	[jepsen worker 0] jepsen.util: 0	:invoke	:echo	"Please echo 93"
2024-12-29 17:09:59,311{GMT}	INFO	[jepsen worker 0] jepsen.util: 0	:ok	:echo	{:echo "Please echo 93", :in_reply_to 37, :msg_id 37, :type "echo_ok"}
2024-12-29 17:09:59,511{GMT}	INFO	[jepsen worker 0] jepsen.util: 0	:invoke	:echo	"Please echo 88"
2024-12-29 17:09:59,515{GMT}	INFO	[jepsen worker 0] jepsen.util: 0	:ok	:echo	{:echo "Please echo 88", :in_reply_to 38, :msg_id 38, :type "echo_ok"}
2024-12-29 17:09:59,610{GMT}	INFO	[jepsen worker 0] jepsen.util: 0	:invoke	:echo	"Please echo 56"
2024-12-29 17:09:59,614{GMT}	INFO	[jepsen worker 0] jepsen.util: 0	:ok	:echo	{:echo "Please echo 56", :in_reply_to 39, :msg_id 39, :type "echo_ok"}
2024-12-29 17:09:59,758{GMT}	INFO	[jepsen worker 0] jepsen.util: 0	:invoke	:echo	"Please echo 57"
2024-12-29 17:09:59,767{GMT}	INFO	[jepsen worker 0] jepsen.util: 0	:ok	:echo	{:echo "Please echo 57", :in_reply_to 40, :msg_id 40, :type "echo_ok"}
2024-12-29 17:09:59,769{GMT}	INFO	[jepsen worker 0] jepsen.util: 0	:invoke	:echo	"Please echo 86"
2024-12-29 17:09:59,771{GMT}	INFO	[jepsen worker 0] jepsen.util: 0	:ok	:echo	{:echo "Please echo 86", :in_reply_to 41, :msg_id 41, :type "echo_ok"}
2024-12-29 17:09:59,964{GMT}	INFO	[jepsen worker 0] jepsen.util: 0	:invoke	:echo	"Please echo 31"
2024-12-29 17:09:59,979{GMT}	INFO	[jepsen worker 0] jepsen.util: 0	:ok	:echo	{:echo "Please echo 31", :in_reply_to 42, :msg_id 42, :type "echo_ok"}
2024-12-29 17:10:00,359{GMT}	INFO	[jepsen worker 0] jepsen.util: 0	:invoke	:echo	"Please echo 97"
2024-12-29 17:10:00,368{GMT}	INFO	[jepsen worker 0] jepsen.util: 0	:ok	:echo	{:echo "Please echo 97", :in_reply_to 43, :msg_id 43, :type "echo_ok"}
2024-12-29 17:10:00,636{GMT}	INFO	[jepsen worker 0] jepsen.util: 0	:invoke	:echo	"Please echo 23"
2024-12-29 17:10:00,643{GMT}	INFO	[jepsen worker 0] jepsen.util: 0	:ok	:echo	{:echo "Please echo 23", :in_reply_to 44, :msg_id 44, :type "echo_ok"}
2024-12-29 17:10:01,045{GMT}	INFO	[jepsen worker 0] jepsen.util: 0	:invoke	:echo	"Please echo 46"
2024-12-29 17:10:01,051{GMT}	INFO	[jepsen worker 0] jepsen.util: 0	:ok	:echo	{:echo "Please echo 46", :in_reply_to 45, :msg_id 45, :type "echo_ok"}
2024-12-29 17:10:01,292{GMT}	INFO	[jepsen worker 0] jepsen.util: 0	:invoke	:echo	"Please echo 107"
2024-12-29 17:10:01,296{GMT}	INFO	[jepsen worker 0] jepsen.util: 0	:ok	:echo	{:echo "Please echo 107", :in_reply_to 46, :msg_id 46, :type "echo_ok"}
2024-12-29 17:10:01,450{GMT}	INFO	[jepsen worker 0] jepsen.util: 0	:invoke	:echo	"Please echo 121"
2024-12-29 17:10:01,454{GMT}	INFO	[jepsen worker 0] jepsen.util: 0	:ok	:echo	{:echo "Please echo 121", :in_reply_to 47, :msg_id 47, :type "echo_ok"}
2024-12-29 17:10:01,762{GMT}	INFO	[jepsen worker 0] jepsen.util: 0	:invoke	:echo	"Please echo 99"
2024-12-29 17:10:01,769{GMT}	INFO	[jepsen worker 0] jepsen.util: 0	:ok	:echo	{:echo "Please echo 99", :in_reply_to 48, :msg_id 48, :type "echo_ok"}
2024-12-29 17:10:01,815{GMT}	INFO	[jepsen worker 0] jepsen.util: 0	:invoke	:echo	"Please echo 96"
2024-12-29 17:10:01,819{GMT}	INFO	[jepsen worker 0] jepsen.util: 0	:ok	:echo	{:echo "Please echo 96", :in_reply_to 49, :msg_id 49, :type "echo_ok"}
2024-12-29 17:10:02,039{GMT}	INFO	[jepsen worker 0] jepsen.util: 0	:invoke	:echo	"Please echo 66"
2024-12-29 17:10:02,042{GMT}	INFO	[jepsen worker 0] jepsen.util: 0	:ok	:echo	{:echo "Please echo 66", :in_reply_to 50, :msg_id 50, :type "echo_ok"}
2024-12-29 17:10:02,274{GMT}	INFO	[jepsen worker 0] jepsen.util: 0	:invoke	:echo	"Please echo 18"
2024-12-29 17:10:02,281{GMT}	INFO	[jepsen worker 0] jepsen.util: 0	:ok	:echo	{:echo "Please echo 18", :in_reply_to 51, :msg_id 51, :type "echo_ok"}
2024-12-29 17:10:02,329{GMT}	INFO	[jepsen test runner] jepsen.core: Run complete, writing
2024-12-29 17:10:02,428{GMT}	INFO	[jepsen node n0] maelstrom.db: Tearing down n0
2024-12-29 17:10:03,642{GMT}	INFO	[jepsen node n0] maelstrom.net: Shutting down Maelstrom network
2024-12-29 17:10:03,645{GMT}	INFO	[jepsen test runner] jepsen.core: Analyzing...
2024-12-29 17:10:21,408{GMT}	INFO	[jepsen test runner] jepsen.core: Analysis complete
2024-12-29 17:10:21,464{GMT}	INFO	[jepsen results] jepsen.store: Wrote /Users/sambhavjain/Desktop/Fly_DS/maelstrom/store/echo/20241229T170949.625+0530/results.edn
2024-12-29 17:10:21,481{GMT}	INFO	[jepsen test runner] jepsen.core: {:perf {:latency-graph {:valid? true},
        :rate-graph {:valid? true},
        :valid? true},
 :timeline {:valid? true},
 :exceptions {:valid? true},
 :stats {:valid? true,
         :count 51,
         :ok-count 51,
         :fail-count 0,
         :info-count 0,
         :by-f {:echo {:valid? true,
                       :count 51,
                       :ok-count 51,
                       :fail-count 0,
                       :info-count 0}}},
 :availability {:valid? true, :ok-fraction 1.0},
 :net {:all {:send-count 104,
             :recv-count 104,
             :msg-count 104,
             :msgs-per-op 2.0392158},
       :clients {:send-count 104, :recv-count 104, :msg-count 104},
       :servers {:send-count 0,
                 :recv-count 0,
                 :msg-count 0,
                 :msgs-per-op 0.0},
       :valid? true},
 :workload {:valid? true, :errors ()},
 :valid? true}


Everything looks good! ヽ(‘ー`)ノ
